C51 COMPILER V9.00   24C02                                                                 08/27/2020 11:40:15 PAGE 1   


C51 COMPILER V9.00, COMPILATION OF MODULE 24C02
OBJECT MODULE PLACED IN 24C02.OBJ
COMPILER INVOKED BY: C:\Program Files\C51\BIN\C51.EXE 24C02.c BROWSE DEBUG OBJECTEXTEND

line level    source

   1          #include "iic.h"
   2          #include "24C02.h"
   3          /*----------------------------------------------------------------
   4                              向有子地址器件发送多字节数据函数               
   5          功能:     从启动总线到发送地址，子地址,数据，结束总线的全过程,
   6                                  从器件地址sla，子地址suba，发送内容是s指向的内容，发送no个字节。
   7                     如果返回1表示操作成功，否则操作有误。
   8          注意：    使用前必须已结束总线。
   9          ----------------------------------------------------------------*/
  10          void sendBytesTo24C02(unsigned char suba,unsigned char *p,unsigned char no)
  11          {
  12   1              unsigned char i;
  13   1                      for(i=0;i<no;i++) { 
  14   2                      IIC_Start();                    //启动总线
  15   2                      IIC_SendByte(ADDR_24C02);       //发送器件地址
  16   2                      IIC_WaitAck();
  17   2                              IIC_SendByte(suba);         //发送器件子地址
  18   2            IIC_WaitAck();
  19   2                              IIC_SendByte(*p);            //发送数据
  20   2                              IIC_WaitAck();
  21   2              IIC_Stop();                  //结束总线
  22   2            p++;
  23   2                              suba++;
  24   2          } 
  25   1      
  26   1      }
  27          
  28          
  29          /*----------------------------------------------------------------
  30                              向有子地址器件读取多字节数据函数               
  31          功能:     从启动总线到发送地址，子地址,读数据，结束总线的全过程,从器件
  32                    地址sla，子地址suba，读出的内容放入s指向的存储区，读no个字节。
  33                     如果返回1表示操作成功，否则操作有误。
  34          注意：    使用前必须已结束总线。
  35          ----------------------------------------------------------------*/
  36          void recBytesFrom24C02(unsigned char suba,unsigned char *p,unsigned char no)
  37          {
  38   1                      unsigned char i;
  39   1              IIC_Start();               //启动总线                    
  40   1              IIC_SendByte(ADDR_24C02);             //发送器件地址
  41   1                      IIC_WaitAck();          
  42   1                      IIC_SendByte(suba);            //发送器件子地址
  43   1                      IIC_WaitAck();
  44   1              IIC_Start();
  45   1              IIC_SendByte(ADDR_24C02+1);                             //读动作 1
  46   1                      IIC_WaitAck();
  47   1              
  48   1                      for(i=0;i<no-1;i++) { 
  49   2              *p=IIC_RecByte();              //发送数据
  50   2              IIC_Ack(1);                //发送就答位 
  51   2              p++;
  52   2          } 
  53   1              *p=IIC_RecByte();
  54   1          IIC_Ack(0);                 //发送非应位
  55   1          IIC_Stop();                    //结束总线
C51 COMPILER V9.00   24C02                                                                 08/27/2020 11:40:15 PAGE 2   

  56   1      }


MODULE INFORMATION:   STATIC OVERLAYABLE
   CODE SIZE        =    179    ----
   CONSTANT SIZE    =   ----    ----
   XDATA SIZE       =   ----    ----
   PDATA SIZE       =   ----    ----
   DATA SIZE        =   ----      12
   IDATA SIZE       =   ----    ----
   BIT SIZE         =   ----    ----
END OF MODULE INFORMATION.


C51 COMPILATION COMPLETE.  0 WARNING(S),  0 ERROR(S)
