C51 COMPILER V9.56.0.0   LS138                                                             07/13/2025 23:25:48 PAGE 1   


C51 COMPILER V9.56.0.0, COMPILATION OF MODULE LS138
OBJECT MODULE PLACED IN ls138.OBJ
COMPILER INVOKED BY: D:\Keil_v5\C51\BIN\C51.EXE ls138.c OPTIMIZE(8,SPEED) BROWSE DEBUG OBJECTEXTEND TABS(2)

line level    source

   1          #include "ls138.h"
   2          void SelectHC573(unsigned char channel){
   3   1        switch(channel) {
   4   2          case 4:
   5   2            P2 = (P2 & 0x1f) | 0x80;    //Y4输出0，选择LED控制,发光二极管
   6   2            break;
   7   2              
   8   2          case 5:
   9   2            P2 = (P2 & 0x1f) | 0xa0;    //Y5输出0，选择蜂鸣器和继电器控制
  10   2            break;
  11   2              
  12   2          case 6:
  13   2            P2 = (P2 & 0x1f) | 0xc0;    //Y6输出0，选择数码管位选
  14   2            break;
  15   2              
  16   2          case 7:
  17   2            P2 = (P2 & 0x1f) | 0xe0;    //Y7输出0，选择数码管段码
  18   2            break;
  19   2              
  20   2          case 0:
  21   2            P2 = (P2 & 0x1f) | 0x00;    //所有锁存器不选择
  22   2            break;
  23   2        }
  24   1      }


MODULE INFORMATION:   STATIC OVERLAYABLE
   CODE SIZE        =     57    ----
   CONSTANT SIZE    =   ----    ----
   XDATA SIZE       =   ----    ----
   PDATA SIZE       =   ----    ----
   DATA SIZE        =   ----    ----
   IDATA SIZE       =   ----    ----
   BIT SIZE         =   ----    ----
END OF MODULE INFORMATION.


C51 COMPILATION COMPLETE.  0 WARNING(S),  0 ERROR(S)
