C51 COMPILER V9.56.0.0   SMG                                                               07/20/2025 13:59:38 PAGE 1   


C51 COMPILER V9.56.0.0, COMPILATION OF MODULE SMG
OBJECT MODULE PLACED IN smg.OBJ
COMPILER INVOKED BY: D:\Keil_v5\C51\BIN\C51.EXE smg.c OPTIMIZE(8,SPEED) BROWSE DEBUG OBJECTEXTEND TABS(2)

line level    source

   1          #include "reg52.h"
   2          #include "smg.h"
   3          #include "delay.h"
   4          #include "ds1302.h"
   5          // å…±é˜´æžæ•°ç ç®¡å­—å½¢ç 
   6          // 0, 1, 2, 3, 4, 5, 6, 7, 8, 9, ç­, -, .
   7          unsigned char zixing[] = {0x3f, 0x06, 0x5b, 0x4f, 0x66, 0x6d, 0x7d, 0x07, 0x7f, 0x6f, 0x00, 0x40, 0x80};
   8          unsigned char weix[8] = {0xfe, 0xfd, 0xfb, 0xf7, 0xef, 0xdf, 0xbf, 0x7f}; // ä½é€‰ï¼ˆä½Žç”µå¹³æœ‰æ•ˆï¼‰
   9          unsigned char duanx[8] = {0x00, 0x00, 0x00, 0x00, 0x00, 0x00, 0x00, 0x00}; // åˆå§‹åŒ–ä¸ºç­ï¼ˆä¸æ˜¾ç¤ºï
             -¼‰
  10          
  11          void showLed() {
  12   1          static unsigned char index = 0;
  13   1      
  14   1          // ä½¿ç”¨SelectHC573å‡½æ•°å®‰å…¨åœ°é€‰æ‹©æ•°ç ç®¡ä½é€‰é€šé“ï¼ˆY6ï¼‰
  15   1          SelectHC573(6);
  16   1        P0 = weix[index];
  17   1      
  18   1          // ä½¿ç”¨SelectHC573å‡½æ•°å®‰å…¨åœ°é€‰æ‹©æ•°ç ç®¡æ®µé€‰é€šé“ï¼ˆY7ï¼‰
  19   1        SelectHC573(7);
  20   1        P0 = duanx[index];
  21   1          
  22   1          delayMs(1); // ç¡®ä¿æ•°ç ç®¡æœ‰è¶³å¤Ÿæ—¶é—´æ˜¾ç¤º
  23   1          
  24   1          // å…³é—­æ‰€æœ‰é€‰æ‹©ï¼Œé¿å…å¹²æ‰°
  25   1          // SelectHC573(0);
  26   1          P0 = 0x00; // æ¸…é™¤æ®µé€‰
  27   1          
  28   1          index++;
  29   1          if (index >= 8) {
  30   2              index = 0;
  31   2          }
  32   1      }
  33          
  34          void updateLed(unsigned char index, unsigned char digit) {
  35   1          if (index < 8 && digit < 13) { // å¢žåŠ æ•°å­—èŒƒå›´æ£€æŸ¥
  36   2              duanx[index] = zixing[digit]; 
  37   2          }
  38   1      }
  39          
  40          void addDot(unsigned char index) {
  41   1          if (index < 8) {
  42   2              // ä¸ºæŒ‡å®šä½ç½®çš„æ•°ç ç®¡æ·»åŠ å°æ•°ç‚¹
  43   2              // æ³¨æ„ï¼šè¿™éœ€è¦ä¿®æ”¹å­—å½¢ç ï¼Œæ·»åŠ å°æ•°ç‚¹ä½
  44   2              if (duanx[index] < 10) { // åªæœ‰æ•°å­—æ‰èƒ½æ·»åŠ å°æ•°ç‚¹
  45   3                  // è¿™é‡Œéœ€è¦åˆ›å»ºå¸¦å°æ•°ç‚¹çš„å­—å½¢ç 
  46   3                  // æš‚æ—¶ç®€åŒ–å¤„ç†ï¼Œå¯ä»¥æ‰©å±•å­—å½¢æ•°ç»„æ¥æ”¯æŒå¸¦å°æ•°ç‚¹çš„æ˜¾ç¤º
  47   3              }
  48   2          }
  49   1      }
  50          
  51          void clearLed() {
  52   1          updateLed(0, 11);
  53   1          updateLed(1, 11);
  54   1          updateLed(2, 11);
C51 COMPILER V9.56.0.0   SMG                                                               07/20/2025 13:59:38 PAGE 2   

  55   1          updateLed(3, 11);
  56   1          updateLed(4, 11);
  57   1          updateLed(5, 11);
  58   1          updateLed(6, 11);
  59   1          updateLed(7, 11);
  60   1      
  61   1          showLed();
  62   1      }
  63          
  64          void syncBufTime() {
  65   1          // æ˜¾ç¤ºå½“å‰æ—¶é—´ç¼“å†²åŒºä¸­çš„æ—¶é—´
  66   1          updateLed(0, cur_time_buf[2] / 10);  // æ—¶çš„åä½
  67   1          updateLed(1, cur_time_buf[2] % 10);  // æ—¶çš„ä¸ªä½
  68   1          updateLed(2, 11);                    // åˆ†éš”ç¬¦ "-"
  69   1          updateLed(3, cur_time_buf[1] / 10);  // åˆ†çš„åä½
  70   1          updateLed(4, cur_time_buf[1] % 10);  // åˆ†çš„ä¸ªä½
  71   1          updateLed(5, 11);                    // åˆ†éš”ç¬¦ "-"
  72   1          updateLed(6, cur_time_buf[0] / 10);  // ç§’çš„åä½
  73   1          updateLed(7, cur_time_buf[0] % 10);  // ç§’çš„ä¸ªä½
  74   1      
  75   1          // showLed();
  76   1      }


MODULE INFORMATION:   STATIC OVERLAYABLE
   CODE SIZE        =    185    ----
   CONSTANT SIZE    =   ----    ----
   XDATA SIZE       =   ----    ----
   PDATA SIZE       =   ----    ----
   DATA SIZE        =     30       1
   IDATA SIZE       =   ----    ----
   BIT SIZE         =   ----    ----
END OF MODULE INFORMATION.


C51 COMPILATION COMPLETE.  0 WARNING(S),  0 ERROR(S)
